This file contains any messages produced by compilers while
running configure, to aid debugging if configure makes a mistake.

It was created by Structured configure 1.0, which was
generated by GNU Autoconf 2.69.  Invocation command line was

  $ ./configure 

## --------- ##
## Platform. ##
## --------- ##

hostname = Michaels-MacBook-Pro.local
uname -m = x86_64
uname -r = 15.6.0
uname -s = Darwin
uname -v = Darwin Kernel Version 15.6.0: Thu Sep  1 15:01:16 PDT 2016; root:xnu-3248.60.11~2/RELEASE_X86_64

/usr/bin/uname -p = i386
/bin/uname -X     = unknown

/bin/arch              = unknown
/usr/bin/arch -k       = unknown
/usr/convex/getsysinfo = unknown
/usr/bin/hostinfo      = Mach kernel version:
	 Darwin Kernel Version 15.6.0: Thu Sep  1 15:01:16 PDT 2016; root:xnu-3248.60.11~2/RELEASE_X86_64
Kernel configured for up to 4 processors.
2 processors are physically available.
4 processors are logically available.
Processor type: x86_64h (Intel x86-64h Haswell)
Processors active: 0 1 2 3
Primary memory available: 8.00 gigabytes
Default processor set: 255 tasks, 1171 threads, 4 processors
Load average: 2.60, Mach factor: 2.09
/bin/machine           = unknown
/usr/bin/oslevel       = unknown
/bin/universe          = unknown

PATH: /usr/local/bin
PATH: /usr/bin
PATH: /bin
PATH: /usr/sbin
PATH: /sbin
PATH: /opt/X11/bin
PATH: /Library/TeX/texbin


## ----------- ##
## Core tests. ##
## ----------- ##

configure:2588: checking build system type
configure:2602: result: x86_64-apple-darwin15.6.0
configure:2622: checking host system type
configure:2635: result: x86_64-apple-darwin15.6.0
configure:2703: checking for gcc
configure:2719: found /usr/bin/gcc
configure:2730: result: gcc
configure:2959: checking for C compiler version
configure:2968: gcc --version >&5
Apple LLVM version 8.0.0 (clang-800.0.42.1)
Target: x86_64-apple-darwin15.6.0
Thread model: posix
InstalledDir: /Applications/Xcode.app/Contents/Developer/Toolchains/XcodeDefault.xctoolchain/usr/bin
Configured with: --prefix=/Applications/Xcode.app/Contents/Developer/usr --with-gxx-include-dir=/usr/include/c++/4.2.1
configure:2979: $? = 0
configure:2968: gcc -v >&5
Configured with: --prefix=/Applications/Xcode.app/Contents/Developer/usr --with-gxx-include-dir=/usr/include/c++/4.2.1
Apple LLVM version 8.0.0 (clang-800.0.42.1)
Target: x86_64-apple-darwin15.6.0
Thread model: posix
InstalledDir: /Applications/Xcode.app/Contents/Developer/Toolchains/XcodeDefault.xctoolchain/usr/bin
configure:2979: $? = 0
configure:2968: gcc -V >&5
clang: error: argument to '-V' is missing (expected 1 value)
clang: error: no input files
configure:2979: $? = 1
configure:2968: gcc -qversion >&5
clang: error: unknown argument: '-qversion'
clang: error: no input files
configure:2979: $? = 1
configure:2999: checking whether the C compiler works
configure:3021: gcc    conftest.c  >&5
configure:3025: $? = 0
configure:3073: result: yes
configure:3076: checking for C compiler default output file name
configure:3078: result: a.out
configure:3084: checking for suffix of executables
configure:3091: gcc -o conftest    conftest.c  >&5
configure:3095: $? = 0
configure:3117: result: 
configure:3139: checking whether we are cross compiling
configure:3147: gcc -o conftest    conftest.c  >&5
configure:3151: $? = 0
configure:3158: ./conftest
configure:3162: $? = 0
configure:3177: result: no
configure:3182: checking for suffix of object files
configure:3204: gcc -c   conftest.c >&5
configure:3208: $? = 0
configure:3229: result: o
configure:3233: checking whether we are using the GNU C compiler
configure:3252: gcc -c   conftest.c >&5
configure:3252: $? = 0
configure:3261: result: yes
configure:3270: checking whether gcc accepts -g
configure:3290: gcc -c -g  conftest.c >&5
configure:3290: $? = 0
configure:3331: result: yes
configure:3348: checking for gcc option to accept ISO C89
configure:3411: gcc  -c -g -O2  conftest.c >&5
configure:3411: $? = 0
configure:3424: result: none needed
configure:3450: checking how to run the C preprocessor
configure:3481: gcc -E  conftest.c
configure:3481: $? = 0
configure:3495: gcc -E  conftest.c
conftest.c:9:10: fatal error: 'ac_nonexistent.h' file not found
#include <ac_nonexistent.h>
         ^
1 error generated.
configure:3495: $? = 1
configure: failed program was:
| /* confdefs.h */
| #define PACKAGE_NAME "Structured"
| #define PACKAGE_TARNAME "Structured.tar.bz2"
| #define PACKAGE_VERSION "1.0"
| #define PACKAGE_STRING "Structured 1.0"
| #define PACKAGE_BUGREPORT "GRAD510"
| #define PACKAGE_URL ""
| /* end confdefs.h.  */
| #include <ac_nonexistent.h>
configure:3520: result: gcc -E
configure:3540: gcc -E  conftest.c
configure:3540: $? = 0
configure:3554: gcc -E  conftest.c
conftest.c:9:10: fatal error: 'ac_nonexistent.h' file not found
#include <ac_nonexistent.h>
         ^
1 error generated.
configure:3554: $? = 1
configure: failed program was:
| /* confdefs.h */
| #define PACKAGE_NAME "Structured"
| #define PACKAGE_TARNAME "Structured.tar.bz2"
| #define PACKAGE_VERSION "1.0"
| #define PACKAGE_STRING "Structured 1.0"
| #define PACKAGE_BUGREPORT "GRAD510"
| #define PACKAGE_URL ""
| /* end confdefs.h.  */
| #include <ac_nonexistent.h>
configure:3583: checking for grep that handles long lines and -e
configure:3641: result: /usr/bin/grep
configure:3646: checking for egrep
configure:3708: result: /usr/bin/grep -E
configure:3713: checking for ANSI C header files
configure:3733: gcc -c -g -O2  conftest.c >&5
configure:3733: $? = 0
configure:3806: gcc -o conftest -g -O2   conftest.c  >&5
configure:3806: $? = 0
configure:3806: ./conftest
configure:3806: $? = 0
configure:3817: result: yes
configure:3830: checking for sys/types.h
configure:3830: gcc -c -g -O2  conftest.c >&5
configure:3830: $? = 0
configure:3830: result: yes
configure:3830: checking for sys/stat.h
configure:3830: gcc -c -g -O2  conftest.c >&5
configure:3830: $? = 0
configure:3830: result: yes
configure:3830: checking for stdlib.h
configure:3830: gcc -c -g -O2  conftest.c >&5
configure:3830: $? = 0
configure:3830: result: yes
configure:3830: checking for string.h
configure:3830: gcc -c -g -O2  conftest.c >&5
configure:3830: $? = 0
configure:3830: result: yes
configure:3830: checking for memory.h
configure:3830: gcc -c -g -O2  conftest.c >&5
configure:3830: $? = 0
configure:3830: result: yes
configure:3830: checking for strings.h
configure:3830: gcc -c -g -O2  conftest.c >&5
configure:3830: $? = 0
configure:3830: result: yes
configure:3830: checking for inttypes.h
configure:3830: gcc -c -g -O2  conftest.c >&5
configure:3830: $? = 0
configure:3830: result: yes
configure:3830: checking for stdint.h
configure:3830: gcc -c -g -O2  conftest.c >&5
configure:3830: $? = 0
configure:3830: result: yes
configure:3830: checking for unistd.h
configure:3830: gcc -c -g -O2  conftest.c >&5
configure:3830: $? = 0
configure:3830: result: yes
configure:3846: checking size of void *
configure:3851: gcc -o conftest -g -O2   conftest.c  >&5
configure:3851: $? = 0
configure:3851: ./conftest
configure:3851: $? = 0
configure:3865: result: 8
configure:3894: checking for whether to build with MPI
configure:3931: result: no
configure:3939: checking whether to build with OpenMP
configure:3955: result: no
configure:4080: checking for C++ compiler version
configure:4089: g++ --version >&5
Apple LLVM version 8.0.0 (clang-800.0.42.1)
Target: x86_64-apple-darwin15.6.0
Thread model: posix
InstalledDir: /Applications/Xcode.app/Contents/Developer/Toolchains/XcodeDefault.xctoolchain/usr/bin
Configured with: --prefix=/Applications/Xcode.app/Contents/Developer/usr --with-gxx-include-dir=/usr/include/c++/4.2.1
configure:4100: $? = 0
configure:4089: g++ -v >&5
Configured with: --prefix=/Applications/Xcode.app/Contents/Developer/usr --with-gxx-include-dir=/usr/include/c++/4.2.1
Apple LLVM version 8.0.0 (clang-800.0.42.1)
Target: x86_64-apple-darwin15.6.0
Thread model: posix
InstalledDir: /Applications/Xcode.app/Contents/Developer/Toolchains/XcodeDefault.xctoolchain/usr/bin
configure:4100: $? = 0
configure:4089: g++ -V >&5
clang: error: argument to '-V' is missing (expected 1 value)
clang: error: no input files
configure:4100: $? = 1
configure:4089: g++ -qversion >&5
clang: error: unknown argument: '-qversion'
clang: error: no input files
configure:4100: $? = 1
configure:4104: checking whether we are using the GNU C++ compiler
configure:4123: g++ -c   conftest.cpp >&5
configure:4123: $? = 0
configure:4132: result: yes
configure:4141: checking whether g++ accepts -g
configure:4161: g++ -c -g  conftest.cpp >&5
configure:4161: $? = 0
configure:4202: result: yes
configure:4230: checking if release version is enabled
configure:4244: result: no
configure:4248: Using C++ compiler: g++
configure:4250: Using underlying C++ compiler: g++
configure:4331: checking for gcc
configure:4358: result: gcc
configure:4587: checking for C compiler version
configure:4596: gcc --version >&5
Apple LLVM version 8.0.0 (clang-800.0.42.1)
Target: x86_64-apple-darwin15.6.0
Thread model: posix
InstalledDir: /Applications/Xcode.app/Contents/Developer/Toolchains/XcodeDefault.xctoolchain/usr/bin
Configured with: --prefix=/Applications/Xcode.app/Contents/Developer/usr --with-gxx-include-dir=/usr/include/c++/4.2.1
configure:4607: $? = 0
configure:4596: gcc -v >&5
Configured with: --prefix=/Applications/Xcode.app/Contents/Developer/usr --with-gxx-include-dir=/usr/include/c++/4.2.1
Apple LLVM version 8.0.0 (clang-800.0.42.1)
Target: x86_64-apple-darwin15.6.0
Thread model: posix
InstalledDir: /Applications/Xcode.app/Contents/Developer/Toolchains/XcodeDefault.xctoolchain/usr/bin
configure:4607: $? = 0
configure:4596: gcc -V >&5
clang: error: argument to '-V' is missing (expected 1 value)
clang: error: no input files
configure:4607: $? = 1
configure:4596: gcc -qversion >&5
clang: error: unknown argument: '-qversion'
clang: error: no input files
configure:4607: $? = 1
configure:4611: checking whether we are using the GNU C compiler
configure:4639: result: yes
configure:4648: checking whether gcc accepts -g
configure:4709: result: yes
configure:4726: checking for gcc option to accept ISO C89
configure:4802: result: none needed
configure:4838: checking for precision
configure:4853: result: double
configure:4857: checking for space dim
configure:4873: result: 3
configure:4885: checking for compress in -lz
configure:4910: gcc -o conftest -g -O2   conftest.c -lz  -lm  >&5
configure:4910: $? = 0
configure:4919: result: yes
configure:4933: checking if CGNS directory was specified
configure:4944: result: no
configure:4946: checking cgnslib.h usability
configure:4946: gcc -c -g -O2  conftest.c >&5
conftest.c:54:10: fatal error: 'cgnslib.h' file not found
#include <cgnslib.h>
         ^
1 error generated.
configure:4946: $? = 1
configure: failed program was:
| /* confdefs.h */
| #define PACKAGE_NAME "Structured"
| #define PACKAGE_TARNAME "Structured.tar.bz2"
| #define PACKAGE_VERSION "1.0"
| #define PACKAGE_STRING "Structured 1.0"
| #define PACKAGE_BUGREPORT "GRAD510"
| #define PACKAGE_URL ""
| #define STDC_HEADERS 1
| #define HAVE_SYS_TYPES_H 1
| #define HAVE_SYS_STAT_H 1
| #define HAVE_STDLIB_H 1
| #define HAVE_STRING_H 1
| #define HAVE_MEMORY_H 1
| #define HAVE_STRINGS_H 1
| #define HAVE_INTTYPES_H 1
| #define HAVE_STDINT_H 1
| #define HAVE_UNISTD_H 1
| #define SIZEOF_VOID_P 8
| #define HAVE_LIBZ 1
| /* end confdefs.h.  */
| #include <stdio.h>
| #ifdef HAVE_SYS_TYPES_H
| # include <sys/types.h>
| #endif
| #ifdef HAVE_SYS_STAT_H
| # include <sys/stat.h>
| #endif
| #ifdef STDC_HEADERS
| # include <stdlib.h>
| # include <stddef.h>
| #else
| # ifdef HAVE_STDLIB_H
| #  include <stdlib.h>
| # endif
| #endif
| #ifdef HAVE_STRING_H
| # if !defined STDC_HEADERS && defined HAVE_MEMORY_H
| #  include <memory.h>
| # endif
| # include <string.h>
| #endif
| #ifdef HAVE_STRINGS_H
| # include <strings.h>
| #endif
| #ifdef HAVE_INTTYPES_H
| # include <inttypes.h>
| #endif
| #ifdef HAVE_STDINT_H
| # include <stdint.h>
| #endif
| #ifdef HAVE_UNISTD_H
| # include <unistd.h>
| #endif
| #include <cgnslib.h>
configure:4946: result: no
configure:4946: checking cgnslib.h presence
configure:4946: gcc -E  conftest.c
conftest.c:21:10: fatal error: 'cgnslib.h' file not found
#include <cgnslib.h>
         ^
1 error generated.
configure:4946: $? = 1
configure: failed program was:
| /* confdefs.h */
| #define PACKAGE_NAME "Structured"
| #define PACKAGE_TARNAME "Structured.tar.bz2"
| #define PACKAGE_VERSION "1.0"
| #define PACKAGE_STRING "Structured 1.0"
| #define PACKAGE_BUGREPORT "GRAD510"
| #define PACKAGE_URL ""
| #define STDC_HEADERS 1
| #define HAVE_SYS_TYPES_H 1
| #define HAVE_SYS_STAT_H 1
| #define HAVE_STDLIB_H 1
| #define HAVE_STRING_H 1
| #define HAVE_MEMORY_H 1
| #define HAVE_STRINGS_H 1
| #define HAVE_INTTYPES_H 1
| #define HAVE_STDINT_H 1
| #define HAVE_UNISTD_H 1
| #define SIZEOF_VOID_P 8
| #define HAVE_LIBZ 1
| /* end confdefs.h.  */
| #include <cgnslib.h>
configure:4946: result: no
configure:4946: checking for cgnslib.h
configure:4946: result: no
configure:4956: checking local, /usr/local/cgns, and home directories for cgnslib.h
configure:4972: result: 
configure:4975: WARNING: cannot find CGNS header:  use --with-cgns=CGNSdir
configure:4981: checking for cg_open in -lcgns
configure:5006: gcc -o conftest -g -O2   conftest.c -lcgns  -lz -lm  >&5
ld: library not found for -lcgns
clang: error: linker command failed with exit code 1 (use -v to see invocation)
configure:5006: $? = 1
configure: failed program was:
| /* confdefs.h */
| #define PACKAGE_NAME "Structured"
| #define PACKAGE_TARNAME "Structured.tar.bz2"
| #define PACKAGE_VERSION "1.0"
| #define PACKAGE_STRING "Structured 1.0"
| #define PACKAGE_BUGREPORT "GRAD510"
| #define PACKAGE_URL ""
| #define STDC_HEADERS 1
| #define HAVE_SYS_TYPES_H 1
| #define HAVE_SYS_STAT_H 1
| #define HAVE_STDLIB_H 1
| #define HAVE_STRING_H 1
| #define HAVE_MEMORY_H 1
| #define HAVE_STRINGS_H 1
| #define HAVE_INTTYPES_H 1
| #define HAVE_STDINT_H 1
| #define HAVE_UNISTD_H 1
| #define SIZEOF_VOID_P 8
| #define HAVE_LIBZ 1
| /* end confdefs.h.  */
| 
| /* Override any GCC internal prototype to avoid an error.
|    Use char because int might match the return type of a GCC
|    builtin and then its argument prototype would still apply.  */
| #ifdef __cplusplus
| extern "C"
| #endif
| char cg_open ();
| int
| main ()
| {
| return cg_open ();
|   ;
|   return 0;
| }
configure:5015: result: no
configure:5025: Adding -lhdf5 and -lsz to LIBS and rechecking for libcgns
configure:5030: checking for cg_open in -lcgns
configure:5055: gcc -o conftest -g -O2   conftest.c -lcgns  -lhdf5 -lsz -lz -lm  >&5
ld: library not found for -lcgns
clang: error: linker command failed with exit code 1 (use -v to see invocation)
configure:5055: $? = 1
configure: failed program was:
| /* confdefs.h */
| #define PACKAGE_NAME "Structured"
| #define PACKAGE_TARNAME "Structured.tar.bz2"
| #define PACKAGE_VERSION "1.0"
| #define PACKAGE_STRING "Structured 1.0"
| #define PACKAGE_BUGREPORT "GRAD510"
| #define PACKAGE_URL ""
| #define STDC_HEADERS 1
| #define HAVE_SYS_TYPES_H 1
| #define HAVE_SYS_STAT_H 1
| #define HAVE_STDLIB_H 1
| #define HAVE_STRING_H 1
| #define HAVE_MEMORY_H 1
| #define HAVE_STRINGS_H 1
| #define HAVE_INTTYPES_H 1
| #define HAVE_STDINT_H 1
| #define HAVE_UNISTD_H 1
| #define SIZEOF_VOID_P 8
| #define HAVE_LIBZ 1
| /* end confdefs.h.  */
| 
| /* Override any GCC internal prototype to avoid an error.
|    Use char because int might match the return type of a GCC
|    builtin and then its argument prototype would still apply.  */
| #ifdef __cplusplus
| extern "C"
| #endif
| char cg_open ();
| int
| main ()
| {
| return cg_open ();
|   ;
|   return 0;
| }
configure:5064: result: no
configure:5076: checking local, /usr/local/cgns, and home directories for libcgns.so
configure:5092: result: 
configure:5095: WARNING: cannot find CGNS library:  use --with-cgns=CGNSdir
configure:5158: checking for a BSD-compatible install
configure:5226: result: /usr/bin/install -c
configure:5246: checking for ar
configure:5262: found /usr/bin/ar
configure:5273: result: ar rcs
configure:5286: checking for sed
configure:5302: found /usr/bin/sed
configure:5313: result: sed
configure:5326: checking for perl
configure:5342: found /usr/bin/perl
configure:5353: result: perl
configure:5366: checking for csh
configure:5382: found /bin/csh
configure:5393: result: csh -f -c
configure:5406: checking for doxygen
configure:5422: found /usr/local/bin/doxygen
configure:5433: result: doxygen
configure:5454: checking where to install exectutables
configure:5457: result: /usr/local/bin
configure:5493: checking for x86 vector extensions
configure:5543: g++ -o conftest   -lz -lm   conftest.cpp -lz -lm  >&5
configure:5543: $? = 0
configure:5543: ./conftest
configure:5543: $? = 0
configure:5585: g++ -c -msse  conftest.cpp >&5
configure:5585: $? = 0
configure:5628: g++ -c -msse  conftest.cpp >&5
configure:5628: $? = 0
configure:5656: g++ -c -msse2  conftest.cpp >&5
configure:5656: $? = 0
configure:5697: g++ -c -msse2  conftest.cpp >&5
configure:5697: $? = 0
configure:5726: g++ -c -msse3  conftest.cpp >&5
configure:5726: $? = 0
configure:5745: g++ -c -msse3  conftest.cpp >&5
configure:5745: $? = 0
configure:5774: g++ -c -mssse3  conftest.cpp >&5
configure:5774: $? = 0
configure:5793: g++ -c -mssse3  conftest.cpp >&5
configure:5793: $? = 0
configure:5823: g++ -c -msse4.1  conftest.cpp >&5
configure:5823: $? = 0
configure:5843: g++ -c -msse4.1  conftest.cpp >&5
configure:5843: $? = 0
configure:5872: g++ -c -msse4.2  conftest.cpp >&5
configure:5872: $? = 0
configure:5891: g++ -c -msse4.2  conftest.cpp >&5
configure:5891: $? = 0
configure:5951: g++ -c -mavx  conftest.cpp >&5
configure:5951: $? = 0
configure:6007: g++ -c -mfma  conftest.cpp >&5
configure:6007: $? = 0
configure:6039: g++ -c -mavx2  conftest.cpp >&5
configure:6039: $? = 0
configure:6082: result: sse sse2 sse3 ssse3 sse4.1 sse4.2 avx fma avx2
configure:6226: checking for nvcc
configure:6254: result: unknown
configure:7292: creating ./config.status

## ---------------------- ##
## Running config.status. ##
## ---------------------- ##

This file was extended by Structured config.status 1.0, which was
generated by GNU Autoconf 2.69.  Invocation command line was

  CONFIG_FILES    = 
  CONFIG_HEADERS  = 
  CONFIG_LINKS    = 
  CONFIG_COMMANDS = 
  $ ./config.status 

on Michaels-MacBook-Pro.local

config.status:842: creating Common/mk/Make.defs
config.status:842: creating lib/src/BoxFramework/Config.H

## ---------------- ##
## Cache variables. ##
## ---------------- ##

ac_cv_build=x86_64-apple-darwin15.6.0
ac_cv_c_compiler_gnu=yes
ac_cv_cxx_compiler_gnu=yes
ac_cv_env_AR_set=
ac_cv_env_AR_value=
ac_cv_env_CCC_set=
ac_cv_env_CCC_value=
ac_cv_env_CC_set=
ac_cv_env_CC_value=
ac_cv_env_CFLAGS_set=
ac_cv_env_CFLAGS_value=
ac_cv_env_CPPFLAGS_set=
ac_cv_env_CPPFLAGS_value=
ac_cv_env_CPP_set=
ac_cv_env_CPP_value=
ac_cv_env_CSHELLCMD_set=
ac_cv_env_CSHELLCMD_value=
ac_cv_env_CXXCPP_set=
ac_cv_env_CXXCPP_value=
ac_cv_env_CXXFLAGS_set=
ac_cv_env_CXXFLAGS_value=
ac_cv_env_CXX_set=
ac_cv_env_CXX_value=
ac_cv_env_DOXYGEN_set=
ac_cv_env_DOXYGEN_value=
ac_cv_env_LDFLAGS_set=
ac_cv_env_LDFLAGS_value=
ac_cv_env_LIBS_set=
ac_cv_env_LIBS_value=
ac_cv_env_NVCCFLAGS_set=
ac_cv_env_NVCCFLAGS_value=
ac_cv_env_NVCC_set=
ac_cv_env_NVCC_value=
ac_cv_env_PERL_set=
ac_cv_env_PERL_value=
ac_cv_env_PTXASFLAGS_set=
ac_cv_env_PTXASFLAGS_value=
ac_cv_env_SED_set=
ac_cv_env_SED_value=
ac_cv_env_build_alias_set=
ac_cv_env_build_alias_value=
ac_cv_env_host_alias_set=
ac_cv_env_host_alias_value=
ac_cv_env_target_alias_set=
ac_cv_env_target_alias_value=
ac_cv_header_cgnslib_h=no
ac_cv_header_inttypes_h=yes
ac_cv_header_memory_h=yes
ac_cv_header_stdc=yes
ac_cv_header_stdint_h=yes
ac_cv_header_stdlib_h=yes
ac_cv_header_string_h=yes
ac_cv_header_strings_h=yes
ac_cv_header_sys_stat_h=yes
ac_cv_header_sys_types_h=yes
ac_cv_header_unistd_h=yes
ac_cv_host=x86_64-apple-darwin15.6.0
ac_cv_lib_cgns_cg_open=no
ac_cv_lib_z_compress=yes
ac_cv_objext=o
ac_cv_path_EGREP='/usr/bin/grep -E'
ac_cv_path_GREP=/usr/bin/grep
ac_cv_path_install='/usr/bin/install -c'
ac_cv_prog_AR='ar rcs'
ac_cv_prog_CPP='gcc -E'
ac_cv_prog_CSHELLCMD='csh -f -c'
ac_cv_prog_DOXYGEN=doxygen
ac_cv_prog_PERL=perl
ac_cv_prog_SED=sed
ac_cv_prog_ac_ct_CC=gcc
ac_cv_prog_cc_c89=
ac_cv_prog_cc_g=yes
ac_cv_prog_ch_str_nvcc=unknown
ac_cv_prog_cxx_g=yes
ac_cv_sizeof_void_p=8

## ----------------- ##
## Output variables. ##
## ----------------- ##

AR='ar rcs'
CC='gcc'
CFLAGS='-g -O2'
CPP='gcc -E'
CPPFLAGS=''
CSHELLCMD='csh -f -c'
CXX='g++'
CXXCPP=''
CXXFLAGS='-g -march=native -std=c++14 -pedantic -Wall -Wno-unused-local-typedefs -Wno-unknown-pragmas -Wno-vla '
DEFS='-DHAVE_CONFIG_H'
DOXYGEN='doxygen'
ECHO_C='\c'
ECHO_N=''
ECHO_T=''
EGREP='/usr/bin/grep -E'
EXEEXT=''
GREP='/usr/bin/grep'
INSTALL_DATA='${INSTALL} -m 644'
INSTALL_PROGRAM='${INSTALL}'
INSTALL_SCRIPT='${INSTALL}'
INSTBINDIR='/usr/local/bin'
LDFLAGS='-lz -lm  '
LIBEXT='a'
LIBOBJS=''
LIBS='-lz -lm '
LTLIBOBJS=''
NVCC=''
NVCCFLAGS=''
OBJEXT='o'
PACKAGE_BUGREPORT='GRAD510'
PACKAGE_NAME='Structured'
PACKAGE_STRING='Structured 1.0'
PACKAGE_TARNAME='Structured.tar.bz2'
PACKAGE_URL=''
PACKAGE_VERSION='1.0'
PATH_SEPARATOR=':'
PERL='perl'
PTXASFLAGS=''
SCC='gcc'
SCXX='g++'
SED='sed'
SHELL='/bin/sh'
TOPDIR='/Users/Mike/Desktop/cppPrograms/Grad510/Structured_cappsm'
ac_ct_CC='gcc'
ac_ct_CXX=''
bindir='${exec_prefix}/bin'
build='x86_64-apple-darwin15.6.0'
build_alias=''
build_cpu='x86_64'
build_os='darwin15.6.0'
build_vendor='apple'
ch_str_nvcc='unknown'
datadir='${datarootdir}'
datarootdir='${prefix}/share'
docdir='${datarootdir}/doc/${PACKAGE_TARNAME}'
dvidir='${docdir}'
exec_prefix='/usr/local'
host='x86_64-apple-darwin15.6.0'
host_alias=''
host_cpu='x86_64'
host_os='darwin15.6.0'
host_vendor='apple'
htmldir='${docdir}'
includedir='${prefix}/include'
infodir='${datarootdir}/info'
libdir='${exec_prefix}/lib'
libexecdir='${exec_prefix}/libexec'
localedir='${datarootdir}/locale'
localstatedir='${prefix}/var'
mandir='${datarootdir}/man'
oldincludedir='/usr/include'
pdfdir='${docdir}'
prefix='/usr/local'
program_transform_name='s,x,x,'
psdir='${docdir}'
sbindir='${exec_prefix}/sbin'
sharedstatedir='${prefix}/com'
sysconfdir='${prefix}/etc'
target_alias=''

## ----------- ##
## confdefs.h. ##
## ----------- ##

/* confdefs.h */
#define PACKAGE_NAME "Structured"
#define PACKAGE_TARNAME "Structured.tar.bz2"
#define PACKAGE_VERSION "1.0"
#define PACKAGE_STRING "Structured 1.0"
#define PACKAGE_BUGREPORT "GRAD510"
#define PACKAGE_URL ""
#define STDC_HEADERS 1
#define HAVE_SYS_TYPES_H 1
#define HAVE_SYS_STAT_H 1
#define HAVE_STDLIB_H 1
#define HAVE_STRING_H 1
#define HAVE_MEMORY_H 1
#define HAVE_STRINGS_H 1
#define HAVE_INTTYPES_H 1
#define HAVE_STDINT_H 1
#define HAVE_UNISTD_H 1
#define SIZEOF_VOID_P 8
#define HAVE_LIBZ 1
#define CHDEF_SYSTEM_X86VECEXT_CPU_BITS 959
#define CHDEF_SYSTEM_X86VECEXT_COMPILER_BITS 959
#define CHDEF_SYSTEM_X86VECEXT_SSE_H <xmmintrin.h>
#define CHDEF_SYSTEM_X86VECEXT_SSE2_H <emmintrin.h>
#define CHDEF_SYSTEM_X86VECEXT_SSE3_H <pmmintrin.h>
#define CHDEF_SYSTEM_X86VECEXT_SSSE3_H <tmmintrin.h>
#define CHDEF_SYSTEM_X86VECEXT_SSE4D1_H <smmintrin.h>
#define CHDEF_SYSTEM_X86VECEXT_SSE4D2_H <nmmintrin.h>
#define CHDEF_SYSTEM_X86VECEXT_AVX_H <immintrin.h>
#define CHDEF_SYSTEM_X86VECEXT_FMA_H <immintrin.h>
#define CHDEF_SYSTEM_X86VECEXT_AVX2_H <immintrin.h>
#define CHDEF_SYSTEM_X86VECEXT_INTEL_H <immintrin.h>
#define CHDEF_SYSTEM_X86VECEXT_HAVE_OPERATOR 1

configure: exit 0
